{"/app/src/router/schema.ts": {"path":"/app/src/router/schema.ts","statementMap":{"0":{"start":{"line":26,"column":4},"end":{"line":28,"column":null}},"1":{"start":{"line":27,"column":8},"end":{"line":27,"column":null}},"2":{"start":{"line":29,"column":14},"end":{"line":29,"column":null}},"3":{"start":{"line":30,"column":4},"end":{"line":51,"column":null}}},"fnMap":{"0":{"name":"validateA2ARequest","decl":{"start":{"line":25,"column":16},"end":{"line":25,"column":35}},"loc":{"start":{"line":25,"column":76},"end":{"line":52,"column":null}},"line":25}},"branchMap":{"0":{"loc":{"start":{"line":26,"column":4},"end":{"line":28,"column":null}},"type":"if","locations":[{"start":{"line":26,"column":4},"end":{"line":28,"column":null}},{"start":{},"end":{}}],"line":26},"1":{"loc":{"start":{"line":26,"column":8},"end":{"line":26,"column":57}},"type":"binary-expr","locations":[{"start":{"line":26,"column":8},"end":{"line":26,"column":39}},{"start":{"line":26,"column":39},"end":{"line":26,"column":57}}],"line":26},"2":{"loc":{"start":{"line":30,"column":11},"end":{"line":51,"column":null}},"type":"binary-expr","locations":[{"start":{"line":30,"column":11},"end":{"line":30,"column":null}},{"start":{"line":31,"column":11},"end":{"line":31,"column":null}},{"start":{"line":32,"column":11},"end":{"line":32,"column":null}},{"start":{"line":33,"column":11},"end":{"line":33,"column":null}},{"start":{"line":34,"column":11},"end":{"line":34,"column":null}},{"start":{"line":35,"column":11},"end":{"line":35,"column":null}},{"start":{"line":36,"column":11},"end":{"line":36,"column":null}},{"start":{"line":37,"column":11},"end":{"line":37,"column":null}},{"start":{"line":38,"column":11},"end":{"line":38,"column":null}},{"start":{"line":39,"column":11},"end":{"line":39,"column":null}},{"start":{"line":41,"column":12},"end":{"line":41,"column":51}},{"start":{"line":41,"column":51},"end":{"line":41,"column":95}},{"start":{"line":41,"column":95},"end":{"line":41,"column":null}},{"start":{"line":42,"column":12},"end":{"line":42,"column":48}},{"start":{"line":42,"column":48},"end":{"line":42,"column":null}},{"start":{"line":43,"column":12},"end":{"line":43,"column":52}},{"start":{"line":43,"column":52},"end":{"line":43,"column":null}},{"start":{"line":44,"column":12},"end":{"line":44,"column":49}},{"start":{"line":44,"column":49},"end":{"line":44,"column":null}},{"start":{"line":45,"column":12},"end":{"line":45,"column":48}},{"start":{"line":45,"column":48},"end":{"line":45,"column":null}},{"start":{"line":47,"column":12},"end":{"line":47,"column":46}},{"start":{"line":47,"column":46},"end":{"line":47,"column":null}},{"start":{"line":49,"column":12},"end":{"line":49,"column":50}},{"start":{"line":49,"column":50},"end":{"line":49,"column":null}},{"start":{"line":51,"column":12},"end":{"line":51,"column":55}},{"start":{"line":51,"column":55},"end":{"line":51,"column":103}},{"start":{"line":51,"column":103},"end":{"line":51,"column":140}},{"start":{"line":51,"column":140},"end":{"line":51,"column":null}}],"line":30}},"s":{"0":33,"1":5,"2":28,"3":28},"f":{"0":33},"b":{"0":[5,28],"1":[33,29],"2":[28,26,25,23,22,20,18,16,15,14,13,2,2,12,2,11,2,10,2,9,2,8,2,7,2,6,4,3,2]},"meta":{"lastBranch":3,"lastFunction":1,"lastStatement":4,"seen":{"f:25:16:25:35":0,"b:26:4:28:Infinity:undefined:undefined:undefined:undefined":0,"s:26:4:28:Infinity":0,"b:26:8:26:39:26:39:26:57":1,"s:27:8:27:Infinity":1,"s:29:14:29:Infinity":2,"s:30:4:51:Infinity":3,"b:30:11:30:Infinity:31:11:31:Infinity:32:11:32:Infinity:33:11:33:Infinity:34:11:34:Infinity:35:11:35:Infinity:36:11:36:Infinity:37:11:37:Infinity:38:11:38:Infinity:39:11:39:Infinity:41:12:41:51:41:51:41:95:41:95:41:Infinity:42:12:42:48:42:48:42:Infinity:43:12:43:52:43:52:43:Infinity:44:12:44:49:44:49:44:Infinity:45:12:45:48:45:48:45:Infinity:47:12:47:46:47:46:47:Infinity:49:12:49:50:49:50:49:Infinity:51:12:51:55:51:55:51:103:51:103:51:140:51:140:51:Infinity":2},"fnNames":{}}}
}
